#
# A fatal error has been detected by the Java Runtime Environment:
#
#  EXCEPTION_ACCESS_VIOLATION (0xc0000005) at pc=0x00007ffb83df34f6, pid=6560, tid=0x000000000000202c
#
# JRE version: Java(TM) SE Runtime Environment (8.0_202-b08) (build 1.8.0_202-b08)
# Java VM: Java HotSpot(TM) 64-Bit Server VM (25.202-b08 mixed mode windows-amd64 compressed oops)
# Problematic frame:
# C  [ntdll.dll+0x634f6]
#
# Failed to write core dump. Minidumps are not enabled by default on client versions of Windows
#
# If you would like to submit a bug report, please visit:
#   http://bugreport.java.com/bugreport/crash.jsp
# The crash happened outside the Java Virtual Machine in native code.
# See problematic frame for where to report the bug.
#

---------------  T H R E A D  ---------------

Current thread (0x000000001f267800):  JavaThread "Thread-2" [_thread_in_native, id=8236, stack(0x0000000026f90000,0x0000000027090000)]

siginfo: ExceptionCode=0xc0000005, writing address 0x0000000000000024

Registers:
RAX=0x0000000000000000, RBX=0x0000000000994e88, RCX=0x0000000000994e88, RDX=0x00000000fffffffa
RSP=0x000000002708ecb0, RBP=0x0000000000010000, RSI=0x0000000000000000, RDI=0x0000000000000000
R8 =0x0000000000000000, R9 =0x0000000000994e00, R10=0x000000001bdbd678, R11=0x000000001f16bd08
R12=0x0000000000000000, R13=0x0000000000608000, R14=0x0000000000000001, R15=0x0000000000000000
RIP=0x00007ffb83df34f6, EFLAGS=0x0000000000010213

Top of Stack: (sp=0x000000002708ecb0)
0x000000002708ecb0:   ffffffffffffffff 0000000000994e88
0x000000002708ecc0:   000000002708ed80 000000001f267800
0x000000002708ecd0:   0000000000000000 0000000000000100
0x000000002708ece0:   0000000700000015 000000002708ec98
0x000000002708ecf0:   000000002708ec00 00000008fffffffa
0x000000002708ed00:   0000000000608000 0000000000dd0cc0
0x000000002708ed10:   0000236626fcd7d5 0000000000000000
0x000000002708ed20:   0000000000000000 000000001f267800
0x000000002708ed30:   000000002708efc0 000000001bf1f960
0x000000002708ed40:   0000750e1394515a 000000001f2679f8
0x000000002708ed50:   000000001f267800 0000000000000001
0x000000002708ed60:   0000000000000001 0000000000000001
0x000000002708ed70:   0000000000000000 0000000000994e88
0x000000002708ed80:   0000000000010000 00007ffb83dbfcb4
0x000000002708ed90:   000000001f267800 000000001f267800
0x000000002708eda0:   00000000fffffffa 000000000000000e 

Instructions: (pc=0x00007ffb83df34f6)
0x00007ffb83df34d6:   48 39 73 18 0f 84 d2 00 00 00 48 8b 03 48 83 f8
0x00007ffb83df34e6:   ff 0f 84 d2 00 00 00 44 8b fe 48 83 f8 ff 74 03
0x00007ffb83df34f6:   ff 40 24 4c 8b 73 18 4c 8d 2d c4 30 10 00 bd 22
0x00007ffb83df3506:   17 00 00 e8 42 13 fc ff 85 c0 0f 85 f6 b3 05 00 


Register to memory mapping:

RAX=0x0000000000000000 is an unknown value
RBX=0x0000000000994e88 is an unknown value
RCX=0x0000000000994e88 is an unknown value
RDX=0x00000000fffffffa is an unknown value
RSP=0x000000002708ecb0 is pointing into the stack for thread: 0x000000001f267800
RBP=0x0000000000010000 is an unknown value
RSI=0x0000000000000000 is an unknown value
RDI=0x0000000000000000 is an unknown value
R8 =0x0000000000000000 is an unknown value
R9 =0x0000000000994e00 is an unknown value
R10={method} {0x000000001bdbd680} 'addRecord' '(Ljava/lang/Object;JJ)V' in 'sun/java2d/Disposer'
R11=0x000000001f16bd08 is an unknown value
R12=0x0000000000000000 is an unknown value
R13=0x0000000000608000 is an unknown value
R14=0x0000000000000001 is an unknown value
R15=0x0000000000000000 is an unknown value


Stack: [0x0000000026f90000,0x0000000027090000],  sp=0x000000002708ecb0,  free space=1019k
Native frames: (J=compiled Java code, j=interpreted, Vv=VM code, C=native code)
C  [ntdll.dll+0x634f6]
C  [ntdll.dll+0x2fcb4]
C  [ntdll.dll+0x2fae2]
C  0x00007ffb2f29fb4c

Java frames: (J=compiled Java code, j=interpreted, Vv=VM code)
j  sun.java2d.d3d.D3DSurfaceData.initOps(III)V+0
j  sun.java2d.d3d.D3DSurfaceData.<init>(Lsun/awt/windows/WComponentPeer;Lsun/java2d/d3d/D3DGraphicsConfig;IILjava/awt/Image;Ljava/awt/image/ColorModel;IILsun/java2d/pipe/hw/ExtendedBufferCapabilities$VSyncType;I)V+76
j  sun.java2d.d3d.D3DSurfaceData.createData(Lsun/awt/windows/WComponentPeer;Ljava/awt/Image;)Lsun/java2d/d3d/D3DSurfaceData;+117
j  sun.java2d.d3d.D3DVolatileSurfaceManager.initAcceleratedSurface()Lsun/java2d/SurfaceData;+59
j  sun.java2d.d3d.D3DVolatileSurfaceManager.restoreAcceleratedSurface()V+62
J 963 C1 sun.awt.image.VolatileSurfaceManager.validate(Ljava/awt/GraphicsConfiguration;)I (204 bytes) @ 0x0000000002be3574 [0x0000000002be2f20+0x654]
J 962 C1 sun.awt.image.SunVolatileImage.validate(Ljava/awt/GraphicsConfiguration;)I (9 bytes) @ 0x0000000002be2b04 [0x0000000002be2a00+0x104]
J 1019 C1 java.awt.Component$FlipBufferStrategy.revalidate(Z)V (143 bytes) @ 0x0000000002c17034 [0x0000000002c16b00+0x534]
J 973 C1 java.awt.Component$FlipBufferStrategy.getDrawGraphics()Ljava/awt/Graphics; (12 bytes) @ 0x0000000002bea44c [0x0000000002bea280+0x1cc]
J 1025 C1 navesita.Windous.draw()V (121 bytes) @ 0x0000000002c1e4bc [0x0000000002c1e240+0x27c]
J 689% C2 navesita.Windous.run()V (125 bytes) @ 0x0000000002b09f60 [0x0000000002b09ee0+0x80]
j  java.lang.Thread.run()V+11
v  ~StubRoutines::call_stub

---------------  P R O C E S S  ---------------

Java Threads: ( => current thread )
  0x000000001e110000 JavaThread "Thread-0" daemon [_thread_in_native, id=4440, stack(0x000000002a360000,0x000000002a460000)]
  0x000000001e111000 JavaThread "Direct Clip" daemon [_thread_blocked, id=7216, stack(0x0000000028e90000,0x0000000028f90000)]
  0x000000001f2c4000 JavaThread "Direct Clip" daemon [_thread_blocked, id=11284, stack(0x0000000028d90000,0x0000000028e90000)]
  0x000000001f2be800 JavaThread "Direct Clip" daemon [_thread_blocked, id=1452, stack(0x0000000028c90000,0x0000000028d90000)]
  0x000000001f2ab000 JavaThread "Direct Clip" daemon [_thread_blocked, id=5384, stack(0x0000000028990000,0x0000000028a90000)]
  0x000000001f2a4800 JavaThread "Direct Clip" daemon [_thread_blocked, id=7668, stack(0x0000000028890000,0x0000000028990000)]
  0x000000001f2a3800 JavaThread "Java Sound Event Dispatcher" daemon [_thread_blocked, id=3308, stack(0x0000000028490000,0x0000000028590000)]
  0x000000000092d800 JavaThread "DestroyJavaVM" [_thread_blocked, id=5720, stack(0x0000000002680000,0x0000000002780000)]
=>0x000000001f267800 JavaThread "Thread-2" [_thread_in_native, id=8236, stack(0x0000000026f90000,0x0000000027090000)]
  0x000000001f203800 JavaThread "AWT-EventQueue-0" [_thread_blocked, id=13752, stack(0x0000000026c90000,0x0000000026d90000)]
  0x000000001f1da000 JavaThread "AWT-Shutdown" [_thread_blocked, id=8992, stack(0x000000001fb50000,0x000000001fc50000)]
  0x000000001f1d9000 JavaThread "Java2D Disposer" daemon [_thread_blocked, id=7476, stack(0x000000001f960000,0x000000001fa60000)]
  0x000000001e1a5800 JavaThread "Service Thread" daemon [_thread_blocked, id=15716, stack(0x000000001edf0000,0x000000001eef0000)]
  0x000000001e111800 JavaThread "C1 CompilerThread3" daemon [_thread_blocked, id=7264, stack(0x000000001ecf0000,0x000000001edf0000)]
  0x000000001e109800 JavaThread "C2 CompilerThread2" daemon [_thread_blocked, id=8452, stack(0x000000001ebf0000,0x000000001ecf0000)]
  0x000000001e104800 JavaThread "C2 CompilerThread1" daemon [_thread_blocked, id=2012, stack(0x000000001eaf0000,0x000000001ebf0000)]
  0x000000001e100000 JavaThread "C2 CompilerThread0" daemon [_thread_blocked, id=10308, stack(0x000000001e9f0000,0x000000001eaf0000)]
  0x000000001e0ff000 JavaThread "Attach Listener" daemon [_thread_blocked, id=1240, stack(0x000000001e8f0000,0x000000001e9f0000)]
  0x000000001e0fe000 JavaThread "Signal Dispatcher" daemon [_thread_blocked, id=9428, stack(0x000000001e7f0000,0x000000001e8f0000)]
  0x000000001e0f0800 JavaThread "Finalizer" daemon [_thread_blocked, id=9560, stack(0x000000001e5d0000,0x000000001e6d0000)]
  0x000000001c2fd000 JavaThread "Reference Handler" daemon [_thread_blocked, id=3392, stack(0x000000001e4d0000,0x000000001e5d0000)]

Other Threads:
  0x000000001c2f8800 VMThread [stack: 0x000000001dfd0000,0x000000001e0d0000] [id=11028]
  0x000000001e1b7000 WatcherThread [stack: 0x000000001f060000,0x000000001f160000] [id=14608]

VM state:not at safepoint (normal execution)

VM Mutex/Monitor currently owned by a thread: None

heap address: 0x00000006c1000000, size: 4080 MB, Compressed Oops mode: Zero based, Oop shift amount: 3
Narrow klass base: 0x0000000000000000, Narrow klass shift: 3
Compressed class space size: 1073741824 Address: 0x00000007c0000000

Heap:
 PSYoungGen      total 76288K, used 39023K [0x000000076b000000, 0x0000000770500000, 0x00000007c0000000)
  eden space 65536K, 59% used [0x000000076b000000,0x000000076d61bd50,0x000000076f000000)
  from space 10752K, 0% used [0x000000076fa80000,0x000000076fa80000,0x0000000770500000)
  to   space 10752K, 0% used [0x000000076f000000,0x000000076f000000,0x000000076fa80000)
 ParOldGen       total 175104K, used 0K [0x00000006c1000000, 0x00000006cbb00000, 0x000000076b000000)
  object space 175104K, 0% used [0x00000006c1000000,0x00000006c1000000,0x00000006cbb00000)
 Metaspace       used 10900K, capacity 11092K, committed 11392K, reserved 1058816K
  class space    used 1256K, capacity 1324K, committed 1408K, reserved 1048576K

Card table byte_map: [0x0000000011c40000,0x0000000012440000] byte_map_base: 0x000000000e638000

Marking Bits: (ParMarkBitMap*) 0x0000000059925ce0
 Begin Bits: [0x0000000013190000, 0x0000000017150000)
 End Bits:   [0x0000000017150000, 0x000000001b110000)

Polling page: 0x00000000025c0000

CodeCache: size=245760Kb used=3786Kb max_used=3812Kb free=241974Kb
 bounds [0x0000000002880000, 0x0000000002c40000, 0x0000000011880000]
 total_blobs=1546 nmethods=1050 adapters=409
 compilation: enabled

Compilation events (10 events):
Event: 14.154 Thread 0x000000001e104800 1046  s    4       java.awt.KeyboardFocusManager::getCurrentKeyboardFocusManager (32 bytes)
Event: 14.155 Thread 0x000000001e104800 nmethod 1046 0x0000000002c27e10 code [0x0000000002c27f80, 0x0000000002c282e8]
Event: 14.286 Thread 0x000000001e109800 1047       4       java.awt.Component::getInputContext (16 bytes)
Event: 14.286 Thread 0x000000001e109800 nmethod 1047 0x0000000002c25910 code [0x0000000002c25a60, 0x0000000002c25af8]
Event: 14.331 Thread 0x000000001e100000 1048       4       sun.awt.SunToolkit::getAppContext (42 bytes)
Event: 14.332 Thread 0x000000001e100000 nmethod 1048 0x0000000002c27ad0 code [0x0000000002c27c20, 0x0000000002c27cf8]
Event: 14.342 Thread 0x000000001e104800 1049       4       java.awt.Component::getCursor_NoClientCode (30 bytes)
Event: 14.342 Thread 0x000000001e104800 nmethod 1049 0x0000000002c277d0 code [0x0000000002c27920, 0x0000000002c279e8]
Event: 14.376 Thread 0x000000001e111800 1050       1       sun.awt.windows.WComponentPeer::preprocessPostEvent (1 bytes)
Event: 14.376 Thread 0x000000001e111800 nmethod 1050 0x0000000002c27510 code [0x0000000002c27660, 0x0000000002c27770]

GC Heap History (0 events):
No events

Deoptimization events (4 events):
Event: 0.416 Thread 0x000000001f267800 Uncommon trap: reason=unstable_if action=reinterpret pc=0x0000000002a5147c method=java.lang.String.<init>([CII)V @ 18
Event: 14.680 Thread 0x000000001f1dc800 Uncommon trap: reason=class_check action=maybe_recompile pc=0x0000000002c27cb0 method=sun.awt.SunToolkit.getAppContext(Ljava/lang/Object;)Lsun/awt/AppContext; @ 11
Event: 14.680 Thread 0x000000001f1dc800 Uncommon trap: reason=class_check action=maybe_recompile pc=0x0000000002c27cb0 method=sun.awt.SunToolkit.getAppContext(Ljava/lang/Object;)Lsun/awt/AppContext; @ 11
Event: 14.680 Thread 0x000000001f203800 Uncommon trap: reason=class_check action=maybe_recompile pc=0x0000000002c366b0 method=java.awt.EventQueue.coalesceEvent(Ljava/awt/AWTEvent;I)Z @ 32

Classes redefined (0 events):
No events

Internal exceptions (10 events):
Event: 0.022 Thread 0x000000000092d800 Exception <a 'java/lang/NoSuchMethodError': Method sun.misc.Unsafe.prefetchRead(Ljava/lang/Object;J)V name or signature does not match> (0x000000076b007f98) thrown at [C:\re\workspace\8-2-build-windows-amd64-cygwin\jdk8u202\12323\hotspot\src\share\vm\prim
Event: 0.045 Thread 0x000000000092d800 Exception <a 'java/io/FileNotFoundException'> (0x000000076b056098) thrown at [C:\re\workspace\8-2-build-windows-amd64-cygwin\jdk8u202\12323\hotspot\src\share\vm\prims\jni.cpp, line 710]
Event: 0.060 Thread 0x000000000092d800 Exception <a 'java/security/PrivilegedActionException'> (0x000000076b088038) thrown at [C:\re\workspace\8-2-build-windows-amd64-cygwin\jdk8u202\12323\hotspot\src\share\vm\prims\jvm.cpp, line 1502]
Event: 0.060 Thread 0x000000000092d800 Exception <a 'java/security/PrivilegedActionException'> (0x000000076b088248) thrown at [C:\re\workspace\8-2-build-windows-amd64-cygwin\jdk8u202\12323\hotspot\src\share\vm\prims\jvm.cpp, line 1502]
Event: 0.060 Thread 0x000000000092d800 Exception <a 'java/security/PrivilegedActionException'> (0x000000076b08c158) thrown at [C:\re\workspace\8-2-build-windows-amd64-cygwin\jdk8u202\12323\hotspot\src\share\vm\prims\jvm.cpp, line 1502]
Event: 0.060 Thread 0x000000000092d800 Exception <a 'java/security/PrivilegedActionException'> (0x000000076b08c368) thrown at [C:\re\workspace\8-2-build-windows-amd64-cygwin\jdk8u202\12323\hotspot\src\share\vm\prims\jvm.cpp, line 1502]
Event: 0.065 Thread 0x000000000092d800 Exception <a 'java/io/FileNotFoundException'> (0x000000076b094bf8) thrown at [C:\re\workspace\8-2-build-windows-amd64-cygwin\jdk8u202\12323\hotspot\src\share\vm\prims\jni.cpp, line 710]
Event: 0.087 Thread 0x000000000092d800 Exception <a 'java/lang/NoSuchFieldError': method resolution failed> (0x000000076b2ad350) thrown at [C:\re\workspace\8-2-build-windows-amd64-cygwin\jdk8u202\12323\hotspot\src\share\vm\prims\methodHandles.cpp, line 1167]
Event: 0.087 Thread 0x000000000092d800 Exception <a 'java/lang/NoSuchFieldError': method resolution failed> (0x000000076b2ba720) thrown at [C:\re\workspace\8-2-build-windows-amd64-cygwin\jdk8u202\12323\hotspot\src\share\vm\prims\methodHandles.cpp, line 1167]
Event: 0.111 Thread 0x000000000092d800 Exception <a 'java/io/FileNotFoundException'> (0x000000076b354618) thrown at [C:\re\workspace\8-2-build-windows-amd64-cygwin\jdk8u202\12323\hotspot\src\share\vm\prims\jni.cpp, line 710]

Events (10 events):
Event: 14.680 loading class sun/font/SunFontManager$8$1
Event: 14.681 loading class java/util/WeakHashMap$HashIterator done
Event: 14.681 loading class java/util/WeakHashMap$KeyIterator done
Event: 14.681 loading class sun/font/SunFontManager$8$1 done
Event: 14.681 Thread 0x000000001e114000 Thread exited: 0x000000001e114000
Event: 14.681 Thread 0x000000001e10f800 Thread exited: 0x000000001e10f800
Event: 14.681 Thread 0x000000001f21c000 Thread exited: 0x000000001f21c000
Event: 14.681 loading class sun/java2d/pipe/hw/AccelDeviceEventNotifier
Event: 14.681 loading class sun/java2d/pipe/hw/AccelDeviceEventNotifier done
Event: 14.682 Thread 0x000000001e114800 Thread exited: 0x000000001e114800


Dynamic libraries:
0x00007ff706690000 - 0x00007ff7066c7000 	C:\Program Files\Java\jdk1.8.0_202\bin\java.exe
0x00007ffb83d90000 - 0x00007ffb83f88000 	C:\Windows\SYSTEM32\ntdll.dll
0x00007ffb82180000 - 0x00007ffb8223d000 	C:\Windows\System32\KERNEL32.DLL
0x00007ffb81610000 - 0x00007ffb81906000 	C:\Windows\System32\KERNELBASE.dll
0x00007ffb83330000 - 0x00007ffb833df000 	C:\Windows\System32\ADVAPI32.dll
0x00007ffb837c0000 - 0x00007ffb8385e000 	C:\Windows\System32\msvcrt.dll
0x00007ffb82420000 - 0x00007ffb824bc000 	C:\Windows\System32\sechost.dll
0x00007ffb81ec0000 - 0x00007ffb81fe6000 	C:\Windows\System32\RPCRT4.dll
0x00007ffb830b0000 - 0x00007ffb8324e000 	C:\Windows\System32\USER32.dll
0x00007ffb81dc0000 - 0x00007ffb81de2000 	C:\Windows\System32\win32u.dll
0x00007ffb823f0000 - 0x00007ffb8241c000 	C:\Windows\System32\GDI32.dll
0x00007ffb81940000 - 0x00007ffb81a5a000 	C:\Windows\System32\gdi32full.dll
0x00007ffb81470000 - 0x00007ffb8150d000 	C:\Windows\System32\msvcp_win.dll
0x00007ffb81a60000 - 0x00007ffb81b60000 	C:\Windows\System32\ucrtbase.dll
0x00007ffb70e20000 - 0x00007ffb710ba000 	C:\Windows\WinSxS\amd64_microsoft.windows.common-controls_6595b64144ccf1df_6.0.19041.3636_none_60b6a03d71f818d5\COMCTL32.dll
0x00007ffb82e30000 - 0x00007ffb82e60000 	C:\Windows\System32\IMM32.DLL
0x0000000059020000 - 0x00000000590f2000 	C:\Program Files\Java\jdk1.8.0_202\jre\bin\msvcr100.dll
0x0000000059100000 - 0x00000000599a5000 	C:\Program Files\Java\jdk1.8.0_202\jre\bin\server\jvm.dll
0x00007ffb82c70000 - 0x00007ffb82c78000 	C:\Windows\System32\PSAPI.DLL
0x00007ffb72cb0000 - 0x00007ffb72cb9000 	C:\Windows\SYSTEM32\WSOCK32.dll
0x00007ffb7a660000 - 0x00007ffb7a66a000 	C:\Windows\SYSTEM32\VERSION.dll
0x00007ffb77ca0000 - 0x00007ffb77cc7000 	C:\Windows\SYSTEM32\WINMM.dll
0x00007ffb82f10000 - 0x00007ffb82f7b000 	C:\Windows\System32\WS2_32.dll
0x00007ffb726c0000 - 0x00007ffb726cf000 	C:\Program Files\Java\jdk1.8.0_202\jre\bin\verify.dll
0x00007ffb68860000 - 0x00007ffb68889000 	C:\Program Files\Java\jdk1.8.0_202\jre\bin\java.dll
0x00007ffb68840000 - 0x00007ffb68856000 	C:\Program Files\Java\jdk1.8.0_202\jre\bin\zip.dll
0x00007ffb82520000 - 0x00007ffb82c64000 	C:\Windows\System32\SHELL32.dll
0x00007ffb7f550000 - 0x00007ffb7fceb000 	C:\Windows\SYSTEM32\windows.storage.dll
0x00007ffb83460000 - 0x00007ffb837b4000 	C:\Windows\System32\combase.dll
0x00007ffb80eb0000 - 0x00007ffb80edd000 	C:\Windows\SYSTEM32\Wldp.dll
0x00007ffb820d0000 - 0x00007ffb8217d000 	C:\Windows\System32\SHCORE.dll
0x00007ffb83400000 - 0x00007ffb83455000 	C:\Windows\System32\shlwapi.dll
0x00007ffb813a0000 - 0x00007ffb813c5000 	C:\Windows\SYSTEM32\profapi.dll
0x00007ffb42c00000 - 0x00007ffb42d99000 	C:\Program Files\Java\jdk1.8.0_202\jre\bin\awt.dll
0x00007ffb81df0000 - 0x00007ffb81ebd000 	C:\Windows\System32\OLEAUT32.dll
0x00007ffb7ecb0000 - 0x00007ffb7ed40000 	C:\Windows\SYSTEM32\apphelp.dll
0x00007ffb7f060000 - 0x00007ffb7f08f000 	C:\Windows\system32\DWMAPI.DLL
0x00007ffb7ee80000 - 0x00007ffb7ef1e000 	C:\Windows\system32\uxtheme.dll
0x00007ffb0de60000 - 0x00007ffb0df85000 	C:\Windows\system32\opengl32.dll
0x00007ffb0dc90000 - 0x00007ffb0dcbc000 	C:\Windows\SYSTEM32\GLU32.dll
0x00007ffb822d0000 - 0x00007ffb823e4000 	C:\Windows\System32\MSCTF.dll
0x00007ffb82f80000 - 0x00007ffb830ab000 	C:\Windows\System32\ole32.dll
0x00007ffb7f350000 - 0x00007ffb7f362000 	C:\Windows\SYSTEM32\kernel.appcore.dll
0x00007ffb81580000 - 0x00007ffb81602000 	C:\Windows\System32\bcryptPrimitives.dll
0x00007ffb81b60000 - 0x00007ffb81bae000 	C:\Windows\System32\cfgmgr32.dll
0x00007ffb81910000 - 0x00007ffb81937000 	C:\Windows\System32\bcrypt.dll
0x00007ffb809d0000 - 0x00007ffb80a1b000 	C:\Windows\SYSTEM32\POWRPROF.dll
0x00007ffb80890000 - 0x00007ffb808a2000 	C:\Windows\SYSTEM32\UMPDC.dll
0x00007ffb791b0000 - 0x00007ffb791eb000 	C:\Windows\SYSTEM32\dxcore.dll
0x00007ffb61890000 - 0x00007ffb618d7000 	C:\Program Files\Java\jdk1.8.0_202\jre\bin\fontmanager.dll
0x00007ffb72980000 - 0x00007ffb72a7a000 	C:\Windows\SYSTEM32\textinputframework.dll
0x00007ffb7e620000 - 0x00007ffb7e97b000 	C:\Windows\System32\CoreUIComponents.dll
0x00007ffb7e980000 - 0x00007ffb7ea72000 	C:\Windows\System32\CoreMessaging.dll
0x00007ffb805f0000 - 0x00007ffb80623000 	C:\Windows\SYSTEM32\ntmarta.dll
0x00007ffb7df50000 - 0x00007ffb7e0a5000 	C:\Windows\SYSTEM32\wintypes.dll
0x00007ffb80e10000 - 0x00007ffb80e28000 	C:\Windows\SYSTEM32\CRYPTSP.dll
0x00007ffb804d0000 - 0x00007ffb80504000 	C:\Windows\system32\rsaenh.dll
0x00007ffb81320000 - 0x00007ffb8134e000 	C:\Windows\SYSTEM32\USERENV.dll
0x00007ffb80e00000 - 0x00007ffb80e0c000 	C:\Windows\SYSTEM32\CRYPTBASE.dll
0x00007ffb68820000 - 0x00007ffb6883a000 	C:\Program Files\Java\jdk1.8.0_202\jre\bin\net.dll
0x00007ffb776e0000 - 0x00007ffb778cd000 	C:\Windows\SYSTEM32\urlmon.dll
0x00007ffb749b0000 - 0x00007ffb74c6c000 	C:\Windows\SYSTEM32\iertutil.dll
0x00007ffb73ba0000 - 0x00007ffb73bc8000 	C:\Windows\SYSTEM32\srvcli.dll
0x00007ffb808f0000 - 0x00007ffb808fc000 	C:\Windows\SYSTEM32\netutils.dll
0x00007ffb80c10000 - 0x00007ffb80c7a000 	C:\Windows\system32\mswsock.dll
0x00007ffb808b0000 - 0x00007ffb808eb000 	C:\Windows\SYSTEM32\IPHLPAPI.DLL
0x00007ffb83260000 - 0x00007ffb83268000 	C:\Windows\System32\NSI.dll
0x00007ffb7b590000 - 0x00007ffb7b5a7000 	C:\Windows\SYSTEM32\dhcpcsvc6.DLL
0x00007ffb7b750000 - 0x00007ffb7b76d000 	C:\Windows\SYSTEM32\dhcpcsvc.DLL
0x00007ffb80900000 - 0x00007ffb809ca000 	C:\Windows\SYSTEM32\DNSAPI.dll
0x00007ffb68800000 - 0x00007ffb68812000 	C:\Program Files\Java\jdk1.8.0_202\jre\bin\nio.dll
0x00007ffb72500000 - 0x00007ffb7250c000 	C:\Program Files\Java\jdk1.8.0_202\jre\bin\jsound.dll
0x00007ffb724f0000 - 0x00007ffb724fb000 	C:\Program Files\Java\jdk1.8.0_202\jre\bin\jsoundds.dll
0x00007ffb6e750000 - 0x00007ffb6e7ec000 	C:\Windows\SYSTEM32\DSOUND.dll
0x00007ffb65390000 - 0x00007ffb653b6000 	C:\Windows\SYSTEM32\winmmbase.dll
0x00007ffb7adb0000 - 0x00007ffb7ae35000 	C:\Windows\SYSTEM32\MMDevAPI.DLL
0x00007ffb81200000 - 0x00007ffb81233000 	C:\Windows\SYSTEM32\DEVOBJ.dll
0x00007ffb6e700000 - 0x00007ffb6e746000 	C:\Windows\SYSTEM32\wdmaud.drv
0x00007ffb72d70000 - 0x00007ffb72d79000 	C:\Windows\SYSTEM32\ksuser.dll
0x00007ffb7b5b0000 - 0x00007ffb7b5ba000 	C:\Windows\SYSTEM32\AVRT.dll
0x00007ffb7af40000 - 0x00007ffb7b0c2000 	C:\Windows\SYSTEM32\AUDIOSES.DLL
0x00007ffb6eff0000 - 0x00007ffb6effd000 	C:\Windows\SYSTEM32\msacm32.drv
0x00007ffb6f010000 - 0x00007ffb6f02e000 	C:\Windows\SYSTEM32\MSACM32.dll
0x00007ffb6ed80000 - 0x00007ffb6ed8b000 	C:\Windows\SYSTEM32\midimap.dll
0x00007ffb82e60000 - 0x00007ffb82f09000 	C:\Windows\System32\clbcatq.dll
0x00007ffb7ef60000 - 0x00007ffb7ef74000 	C:\Windows\SYSTEM32\resourcepolicyclient.dll
0x00007ffb68ca0000 - 0x00007ffb68ce2000 	C:\Program Files\Java\jdk1.8.0_202\jre\bin\t2k.dll
0x00007ffb7b780000 - 0x00007ffb7b964000 	C:\Windows\SYSTEM32\dbghelp.dll

VM Arguments:
jvm_args: -Dfile.encoding=UTF-8 
java_command: navesita.Windous
java_class_path (initial): C:\Users\daani\Documents\NetBeansProjects\NAVESITA\res;C:\Users\daani\Documents\NetBeansProjects\NAVESITA\build\classes
Launcher Type: SUN_STANDARD

Environment Variables:
PATH=C:\Program Files\Microsoft MPI\Bin\;C:\Program Files (x86)\Common Files\Oracle\Java\javapath;C:\Windows\system32;C:\Windows;C:\Windows\System32\Wbem;C:\Windows\System32\WindowsPowerShell\v1.0\;C:\Windows\System32\OpenSSH\;C:\Program Files (x86)\Microsoft SQL Server\160\Tools\Binn\;C:\Program Files\Microsoft SQL Server\160\Tools\Binn\;C:\Program Files\Microsoft SQL Server\Client SDK\ODBC\170\Tools\Binn\;C:\Program Files\Microsoft SQL Server\160\DTS\Binn\;C:\Program Files (x86)\Microsoft SQL Server\160\DTS\Binn\;C:\Program Files\Azure Data Studio\bin;C:\Users\daani\AppData\Local\Microsoft\WindowsApps;;C:\Program Files\Azure Data Studio\bin
USERNAME=daani
OS=Windows_NT
PROCESSOR_IDENTIFIER=Intel64 Family 6 Model 165 Stepping 3, GenuineIntel



---------------  S Y S T E M  ---------------

OS: Windows 10.0 , 64 bit Build 19041 (10.0.19041.3636)

CPU:total 8 (initial active 8) (4 cores per cpu, 2 threads per core) family 6 model 165 stepping 3, cmov, cx8, fxsr, mmx, sse, sse2, sse3, ssse3, sse4.1, sse4.2, popcnt, avx, avx2, aes, clmul, erms, 3dnowpref, lzcnt, ht, tsc, tscinvbit, bmi1, bmi2, adx

Memory: 4k page, physical 16706328k(8370232k free), swap 22211352k(6632496k free)

vm_info: Java HotSpot(TM) 64-Bit Server VM (25.202-b08) for windows-amd64 JRE (1.8.0_202-b08), built on Dec 15 2018 19:54:30 by "java_re" with MS VC++ 10.0 (VS2010)

time: Thu Nov 30 00:45:47 2023
timezone: Hora estándar Montañas, EE.UU.
elapsed time: 14 seconds (0d 0h 0m 14s)

