#
# A fatal error has been detected by the Java Runtime Environment:
#
#  EXCEPTION_ACCESS_VIOLATION (0xc0000005) at pc=0x00007ff9cba934f6, pid=12068, tid=0x0000000000002cb4
#
# JRE version: Java(TM) SE Runtime Environment (8.0_202-b08) (build 1.8.0_202-b08)
# Java VM: Java HotSpot(TM) 64-Bit Server VM (25.202-b08 mixed mode windows-amd64 compressed oops)
# Problematic frame:
# C  [ntdll.dll+0x634f6]
#
# Failed to write core dump. Minidumps are not enabled by default on client versions of Windows
#
# If you would like to submit a bug report, please visit:
#   http://bugreport.java.com/bugreport/crash.jsp
# The crash happened outside the Java Virtual Machine in native code.
# See problematic frame for where to report the bug.
#

---------------  T H R E A D  ---------------

Current thread (0x000000001fa4f000):  JavaThread "Thread-2" [_thread_in_native, id=11444, stack(0x0000000027ff0000,0x00000000280f0000)]

siginfo: ExceptionCode=0xc0000005, writing address 0x0000000000000024

Registers:
RAX=0x0000000000000000, RBX=0x00000000010e5e68, RCX=0x00000000010e5e68, RDX=0x00000000fffffffa
RSP=0x00000000280eee60, RBP=0x0000000000010000, RSI=0x0000000000000000, RDI=0x0000000000000000
R8 =0x0000000000000000, R9 =0x00000000010e5e00, R10=0x000000001c591cf0, R11=0x000000001f97a4d8
R12=0x0000000000000000, R13=0x0000000000eac000, R14=0x0000000000000001, R15=0x0000000000000000
RIP=0x00007ff9cba934f6, EFLAGS=0x0000000000010213

Top of Stack: (sp=0x00000000280eee60)
0x00000000280eee60:   ffffffffffffffff 00000000010e5e68
0x00000000280eee70:   0000000000000000 0000000000000100
0x00000000280eee80:   0000000000000015 00000000280eee38
0x00000000280eee90:   00000000280eee79 0000000800000005
0x00000000280eeea0:   0000000000000000 00000000fffffffa
0x00000000280eeeb0:   0000000000eac000 0000000000000000
0x00000000280eeec0:   0000000000000000 000000001fa4f000
0x00000000280eeed0:   00000000280ef160 000000001c6f3038
0x00000000280eeee0:   0000000000000000 000000001fa4f1f8
0x00000000280eeef0:   00000604b861092a 000000001fa4f000
0x00000000280eef00:   000000001fa4f000 0000000000000001
0x00000000280eef10:   0000000000000001 0000000000000001
0x00000000280eef20:   0000000000000000 00000000010e5e68
0x00000000280eef30:   0000000000010000 00007ff9cba5fcb4
0x00000000280eef40:   0000000000000000 000000000000000e
0x00000000280eef50:   00000000fffffffa 0000000052dfeb32 

Instructions: (pc=0x00007ff9cba934f6)
0x00007ff9cba934d6:   48 39 73 18 0f 84 d2 00 00 00 48 8b 03 48 83 f8
0x00007ff9cba934e6:   ff 0f 84 d2 00 00 00 44 8b fe 48 83 f8 ff 74 03
0x00007ff9cba934f6:   ff 40 24 4c 8b 73 18 4c 8d 2d c4 30 10 00 bd 22
0x00007ff9cba93506:   17 00 00 e8 42 13 fc ff 85 c0 0f 85 f6 b3 05 00 


Register to memory mapping:

RAX=0x0000000000000000 is an unknown value
RBX=0x00000000010e5e68 is an unknown value
RCX=0x00000000010e5e68 is an unknown value
RDX=0x00000000fffffffa is an unknown value
RSP=0x00000000280eee60 is pointing into the stack for thread: 0x000000001fa4f000
RBP=0x0000000000010000 is an unknown value
RSI=0x0000000000000000 is an unknown value
RDI=0x0000000000000000 is an unknown value
R8 =0x0000000000000000 is an unknown value
R9 =0x00000000010e5e00 is an unknown value
R10={method} {0x000000001c591cf8} 'addRecord' '(Ljava/lang/Object;JJ)V' in 'sun/java2d/Disposer'
R11=0x000000001f97a4d8 is an unknown value
R12=0x0000000000000000 is an unknown value
R13=0x0000000000eac000 is an unknown value
R14=0x0000000000000001 is an unknown value
R15=0x0000000000000000 is an unknown value


Stack: [0x0000000027ff0000,0x00000000280f0000],  sp=0x00000000280eee60,  free space=1019k
Native frames: (J=compiled Java code, j=interpreted, Vv=VM code, C=native code)
C  [ntdll.dll+0x634f6]
C  [ntdll.dll+0x2fcb4]
C  [ntdll.dll+0x2fae2]
C  0x00007ff97d00fb4c

Java frames: (J=compiled Java code, j=interpreted, Vv=VM code)
j  sun.java2d.d3d.D3DSurfaceData.initOps(III)V+0
j  sun.java2d.d3d.D3DSurfaceData.<init>(Lsun/awt/windows/WComponentPeer;Lsun/java2d/d3d/D3DGraphicsConfig;IILjava/awt/Image;Ljava/awt/image/ColorModel;IILsun/java2d/pipe/hw/ExtendedBufferCapabilities$VSyncType;I)V+76
j  sun.java2d.d3d.D3DSurfaceData.createData(Lsun/awt/windows/WComponentPeer;Ljava/awt/Image;)Lsun/java2d/d3d/D3DSurfaceData;+117
j  sun.java2d.d3d.D3DVolatileSurfaceManager.initAcceleratedSurface()Lsun/java2d/SurfaceData;+59
j  sun.java2d.d3d.D3DVolatileSurfaceManager.restoreAcceleratedSurface()V+62
j  sun.awt.image.VolatileSurfaceManager.validate(Ljava/awt/GraphicsConfiguration;)I+94
j  sun.awt.image.SunVolatileImage.validate(Ljava/awt/GraphicsConfiguration;)I+5
j  java.awt.Component$FlipBufferStrategy.revalidate(Z)V+82
j  java.awt.Component$FlipBufferStrategy.revalidate()V+2
j  java.awt.Component$FlipBufferStrategy.getDrawGraphics()Ljava/awt/Graphics;+1
j  navesita.Windous.draw()V+32
J 585% C2 navesita.Windous.run()V (125 bytes) @ 0x0000000003291a20 [0x00000000032919a0+0x80]
j  java.lang.Thread.run()V+11
v  ~StubRoutines::call_stub

---------------  P R O C E S S  ---------------

Java Threads: ( => current thread )
  0x000000001facb800 JavaThread "Thread-0" daemon [_thread_in_native, id=4640, stack(0x00000000292f0000,0x00000000293f0000)]
  0x0000000002dbd800 JavaThread "DestroyJavaVM" [_thread_blocked, id=11428, stack(0x0000000002e50000,0x0000000002f50000)]
=>0x000000001fa4f000 JavaThread "Thread-2" [_thread_in_native, id=11444, stack(0x0000000027ff0000,0x00000000280f0000)]
  0x000000001f9ef000 JavaThread "AWT-EventQueue-0" [_thread_blocked, id=6492, stack(0x0000000027cf0000,0x0000000027df0000)]
  0x000000001f96d000 JavaThread "AWT-Shutdown" [_thread_blocked, id=14836, stack(0x00000000202a0000,0x00000000203a0000)]
  0x000000001f96c800 JavaThread "Java2D Disposer" daemon [_thread_blocked, id=16360, stack(0x0000000020160000,0x0000000020260000)]
  0x000000001e92a000 JavaThread "Service Thread" daemon [_thread_blocked, id=9460, stack(0x000000001f5f0000,0x000000001f6f0000)]
  0x000000001e90e000 JavaThread "C1 CompilerThread3" daemon [_thread_blocked, id=12556, stack(0x000000001f4f0000,0x000000001f5f0000)]
  0x000000001e909000 JavaThread "C2 CompilerThread2" daemon [_thread_blocked, id=10152, stack(0x000000001f3f0000,0x000000001f4f0000)]
  0x000000001e906000 JavaThread "C2 CompilerThread1" daemon [_thread_blocked, id=3576, stack(0x000000001f2f0000,0x000000001f3f0000)]
  0x000000001e902000 JavaThread "C2 CompilerThread0" daemon [_thread_blocked, id=8980, stack(0x000000001f1f0000,0x000000001f2f0000)]
  0x000000001e901000 JavaThread "Attach Listener" daemon [_thread_blocked, id=15192, stack(0x000000001f0f0000,0x000000001f1f0000)]
  0x000000001e900000 JavaThread "Signal Dispatcher" daemon [_thread_blocked, id=14484, stack(0x000000001eff0000,0x000000001f0f0000)]
  0x000000001e8f1800 JavaThread "Finalizer" daemon [_thread_blocked, id=12788, stack(0x000000001edd0000,0x000000001eed0000)]
  0x000000001e8f0800 JavaThread "Reference Handler" daemon [_thread_blocked, id=10084, stack(0x000000001ecd0000,0x000000001edd0000)]

Other Threads:
  0x000000001cac9800 VMThread [stack: 0x000000001e7d0000,0x000000001e8d0000] [id=8092]
  0x000000001e92b800 WatcherThread [stack: 0x000000001f860000,0x000000001f960000] [id=11732]

VM state:not at safepoint (normal execution)

VM Mutex/Monitor currently owned by a thread: None

heap address: 0x00000006c1000000, size: 4080 MB, Compressed Oops mode: Zero based, Oop shift amount: 3
Narrow klass base: 0x0000000000000000, Narrow klass shift: 3
Compressed class space size: 1073741824 Address: 0x00000007c0000000

Heap:
 PSYoungGen      total 76288K, used 19690K [0x000000076b000000, 0x0000000770500000, 0x00000007c0000000)
  eden space 65536K, 30% used [0x000000076b000000,0x000000076c33a808,0x000000076f000000)
  from space 10752K, 0% used [0x000000076fa80000,0x000000076fa80000,0x0000000770500000)
  to   space 10752K, 0% used [0x000000076f000000,0x000000076f000000,0x000000076fa80000)
 ParOldGen       total 175104K, used 0K [0x00000006c1000000, 0x00000006cbb00000, 0x000000076b000000)
  object space 175104K, 0% used [0x00000006c1000000,0x00000006c1000000,0x00000006cbb00000)
 Metaspace       used 10299K, capacity 10460K, committed 10624K, reserved 1058816K
  class space    used 1210K, capacity 1286K, committed 1408K, reserved 1048576K

Card table byte_map: [0x0000000012410000,0x0000000012c10000] byte_map_base: 0x000000000ee08000

Marking Bits: (ParMarkBitMap*) 0x0000000053405ce0
 Begin Bits: [0x0000000013960000, 0x0000000017920000)
 End Bits:   [0x0000000017920000, 0x000000001b8e0000)

Polling page: 0x0000000002d90000

CodeCache: size=245760Kb used=2796Kb max_used=2796Kb free=242963Kb
 bounds [0x0000000003050000, 0x0000000003310000, 0x0000000012050000]
 total_blobs=1274 nmethods=788 adapters=399
 compilation: enabled

Compilation events (10 events):
Event: 2.222 Thread 0x000000001e90e000  786       3       java.awt.image.BufferedImage::getWidth (8 bytes)
Event: 2.222 Thread 0x000000001e90e000 nmethod 786 0x0000000003306e50 code [0x0000000003306fa0, 0x0000000003307190]
Event: 2.222 Thread 0x000000001e90e000  787       3       java.awt.image.BufferedImage::getHeight (8 bytes)
Event: 2.222 Thread 0x000000001e90e000 nmethod 787 0x0000000003307250 code [0x00000000033073a0, 0x0000000003307590]
Event: 2.222 Thread 0x000000001e90e000  788   !   3       sun.java2d.SurfaceDataProxy::replaceData (329 bytes)
Event: 2.223 Thread 0x000000001e90e000 nmethod 788 0x0000000003307650 code [0x0000000003307900, 0x0000000003309758]
Event: 2.223 Thread 0x000000001e90e000  784   !   3       sun.java2d.d3d.D3DRenderer::validateContext (83 bytes)
Event: 2.224 Thread 0x000000001e90e000 nmethod 784 0x000000000330a2d0 code [0x000000000330a540, 0x000000000330b668]
Event: 2.224 Thread 0x000000001e90e000  785       3       java.awt.Color::getTransparency (22 bytes)
Event: 2.224 Thread 0x000000001e90e000 nmethod 785 0x000000000330be90 code [0x000000000330c000, 0x000000000330c370]

GC Heap History (0 events):
No events

Deoptimization events (1 events):
Event: 0.455 Thread 0x000000001fa4f000 Uncommon trap: reason=unstable_if action=reinterpret pc=0x00000000032913d0 method=navesita.Windous.run()V @ 75

Classes redefined (0 events):
No events

Internal exceptions (10 events):
Event: 0.024 Thread 0x0000000002dbd800 Exception <a 'java/lang/NoSuchMethodError': Method sun.misc.Unsafe.prefetchRead(Ljava/lang/Object;J)V name or signature does not match> (0x000000076b007f98) thrown at [C:\re\workspace\8-2-build-windows-amd64-cygwin\jdk8u202\12323\hotspot\src\share\vm\prim
Event: 0.048 Thread 0x0000000002dbd800 Exception <a 'java/io/FileNotFoundException'> (0x000000076b056098) thrown at [C:\re\workspace\8-2-build-windows-amd64-cygwin\jdk8u202\12323\hotspot\src\share\vm\prims\jni.cpp, line 710]
Event: 0.062 Thread 0x0000000002dbd800 Exception <a 'java/security/PrivilegedActionException'> (0x000000076b083588) thrown at [C:\re\workspace\8-2-build-windows-amd64-cygwin\jdk8u202\12323\hotspot\src\share\vm\prims\jvm.cpp, line 1502]
Event: 0.062 Thread 0x0000000002dbd800 Exception <a 'java/security/PrivilegedActionException'> (0x000000076b083798) thrown at [C:\re\workspace\8-2-build-windows-amd64-cygwin\jdk8u202\12323\hotspot\src\share\vm\prims\jvm.cpp, line 1502]
Event: 0.062 Thread 0x0000000002dbd800 Exception <a 'java/security/PrivilegedActionException'> (0x000000076b0876a8) thrown at [C:\re\workspace\8-2-build-windows-amd64-cygwin\jdk8u202\12323\hotspot\src\share\vm\prims\jvm.cpp, line 1502]
Event: 0.062 Thread 0x0000000002dbd800 Exception <a 'java/security/PrivilegedActionException'> (0x000000076b0878b8) thrown at [C:\re\workspace\8-2-build-windows-amd64-cygwin\jdk8u202\12323\hotspot\src\share\vm\prims\jvm.cpp, line 1502]
Event: 0.067 Thread 0x0000000002dbd800 Exception <a 'java/io/FileNotFoundException'> (0x000000076b090320) thrown at [C:\re\workspace\8-2-build-windows-amd64-cygwin\jdk8u202\12323\hotspot\src\share\vm\prims\jni.cpp, line 710]
Event: 0.087 Thread 0x0000000002dbd800 Exception <a 'java/lang/NoSuchFieldError': method resolution failed> (0x000000076b2a9408) thrown at [C:\re\workspace\8-2-build-windows-amd64-cygwin\jdk8u202\12323\hotspot\src\share\vm\prims\methodHandles.cpp, line 1167]
Event: 0.088 Thread 0x0000000002dbd800 Exception <a 'java/lang/NoSuchFieldError': method resolution failed> (0x000000076b2b67d8) thrown at [C:\re\workspace\8-2-build-windows-amd64-cygwin\jdk8u202\12323\hotspot\src\share\vm\prims\methodHandles.cpp, line 1167]
Event: 0.112 Thread 0x0000000002dbd800 Exception <a 'java/io/FileNotFoundException'> (0x000000076b3505a0) thrown at [C:\re\workspace\8-2-build-windows-amd64-cygwin\jdk8u202\12323\hotspot\src\share\vm\prims\jni.cpp, line 710]

Events (10 events):
Event: 2.224 Thread 0x000000001face000 Thread added: 0x000000001face000
Event: 2.224 loading class java/util/WeakHashMap$KeyIterator
Event: 2.224 Thread 0x000000001face000 Thread exited: 0x000000001face000
Event: 2.224 Thread 0x000000001fa4c800 Thread exited: 0x000000001fa4c800
Event: 2.224 loading class java/util/WeakHashMap$HashIterator
Event: 2.224 loading class sun/java2d/pipe/hw/AccelDeviceEventNotifier
Event: 2.224 loading class java/util/WeakHashMap$HashIterator done
Event: 2.224 loading class java/util/WeakHashMap$KeyIterator done
Event: 2.224 loading class sun/java2d/pipe/hw/AccelDeviceEventNotifier done
Event: 2.224 Thread 0x000000001facc800 Thread exited: 0x000000001facc800


Dynamic libraries:
0x00007ff76b930000 - 0x00007ff76b967000 	C:\Program Files\Java\jdk1.8.0_202\bin\java.exe
0x00007ff9cba30000 - 0x00007ff9cbc28000 	C:\Windows\SYSTEM32\ntdll.dll
0x00007ff9cb080000 - 0x00007ff9cb13d000 	C:\Windows\System32\KERNEL32.DLL
0x00007ff9c93e0000 - 0x00007ff9c96d6000 	C:\Windows\System32\KERNELBASE.dll
0x00007ff9cb170000 - 0x00007ff9cb21f000 	C:\Windows\System32\ADVAPI32.dll
0x00007ff9ca6a0000 - 0x00007ff9ca73e000 	C:\Windows\System32\msvcrt.dll
0x00007ff9cb8c0000 - 0x00007ff9cb95c000 	C:\Windows\System32\sechost.dll
0x00007ff9c9d30000 - 0x00007ff9c9e56000 	C:\Windows\System32\RPCRT4.dll
0x00007ff9cb720000 - 0x00007ff9cb8be000 	C:\Windows\System32\USER32.dll
0x00007ff9c93b0000 - 0x00007ff9c93d2000 	C:\Windows\System32\win32u.dll
0x00007ff9ca870000 - 0x00007ff9ca89c000 	C:\Windows\System32\GDI32.dll
0x00007ff9c9730000 - 0x00007ff9c984a000 	C:\Windows\System32\gdi32full.dll
0x00007ff9c99f0000 - 0x00007ff9c9a8d000 	C:\Windows\System32\msvcp_win.dll
0x00007ff9c98f0000 - 0x00007ff9c99f0000 	C:\Windows\System32\ucrtbase.dll
0x00007ff9b3e90000 - 0x00007ff9b412a000 	C:\Windows\WinSxS\amd64_microsoft.windows.common-controls_6595b64144ccf1df_6.0.19041.3636_none_60b6a03d71f818d5\COMCTL32.dll
0x00007ff9cb140000 - 0x00007ff9cb170000 	C:\Windows\System32\IMM32.DLL
0x0000000053a70000 - 0x0000000053b42000 	C:\Program Files\Java\jdk1.8.0_202\jre\bin\msvcr100.dll
0x0000000052be0000 - 0x0000000053485000 	C:\Program Files\Java\jdk1.8.0_202\jre\bin\server\jvm.dll
0x00007ff9c9c40000 - 0x00007ff9c9c48000 	C:\Windows\System32\PSAPI.DLL
0x00007ff9c49f0000 - 0x00007ff9c49f9000 	C:\Windows\SYSTEM32\WSOCK32.dll
0x00007ff9c2910000 - 0x00007ff9c291a000 	C:\Windows\SYSTEM32\VERSION.dll
0x00007ff9bfc90000 - 0x00007ff9bfcb7000 	C:\Windows\SYSTEM32\WINMM.dll
0x00007ff9ca800000 - 0x00007ff9ca86b000 	C:\Windows\System32\WS2_32.dll
0x00007ff9c65a0000 - 0x00007ff9c65af000 	C:\Program Files\Java\jdk1.8.0_202\jre\bin\verify.dll
0x00007ff9c1870000 - 0x00007ff9c1899000 	C:\Program Files\Java\jdk1.8.0_202\jre\bin\java.dll
0x00007ff9b92d0000 - 0x00007ff9b92e6000 	C:\Program Files\Java\jdk1.8.0_202\jre\bin\zip.dll
0x00007ff9ca8a0000 - 0x00007ff9cafe4000 	C:\Windows\System32\SHELL32.dll
0x00007ff9c71f0000 - 0x00007ff9c798b000 	C:\Windows\SYSTEM32\windows.storage.dll
0x00007ff9cb3a0000 - 0x00007ff9cb6f4000 	C:\Windows\System32\combase.dll
0x00007ff9c8b50000 - 0x00007ff9c8b7d000 	C:\Windows\SYSTEM32\Wldp.dll
0x00007ff9ca2d0000 - 0x00007ff9ca37d000 	C:\Windows\System32\SHCORE.dll
0x00007ff9ca380000 - 0x00007ff9ca3d5000 	C:\Windows\System32\shlwapi.dll
0x00007ff9c9040000 - 0x00007ff9c9065000 	C:\Windows\SYSTEM32\profapi.dll
0x00007ff998dc0000 - 0x00007ff998f59000 	C:\Program Files\Java\jdk1.8.0_202\jre\bin\awt.dll
0x00007ff9cb2d0000 - 0x00007ff9cb39d000 	C:\Windows\System32\OLEAUT32.dll
0x00007ff9c6940000 - 0x00007ff9c69d0000 	C:\Windows\SYSTEM32\apphelp.dll
0x00007ff9c6e10000 - 0x00007ff9c6e3f000 	C:\Windows\system32\DWMAPI.DLL
0x00007ff9c6a80000 - 0x00007ff9c6b1e000 	C:\Windows\system32\uxtheme.dll
0x00007ff97b640000 - 0x00007ff97b765000 	C:\Windows\system32\opengl32.dll
0x00007ff97d4d0000 - 0x00007ff97d4fc000 	C:\Windows\SYSTEM32\GLU32.dll
0x00007ff9ca3f0000 - 0x00007ff9ca504000 	C:\Windows\System32\MSCTF.dll
0x00007ff9ca510000 - 0x00007ff9ca63b000 	C:\Windows\System32\ole32.dll
0x00007ff9c6ff0000 - 0x00007ff9c7002000 	C:\Windows\SYSTEM32\kernel.appcore.dll
0x00007ff9c9270000 - 0x00007ff9c92f2000 	C:\Windows\System32\bcryptPrimitives.dll
0x00007ff9c96e0000 - 0x00007ff9c972e000 	C:\Windows\System32\cfgmgr32.dll
0x00007ff9c9850000 - 0x00007ff9c9877000 	C:\Windows\System32\bcrypt.dll
0x00007ff9c0c80000 - 0x00007ff9c0cbb000 	C:\Windows\SYSTEM32\dxcore.dll
0x00007ff9a5310000 - 0x00007ff9a5357000 	C:\Program Files\Java\jdk1.8.0_202\jre\bin\fontmanager.dll
0x00007ff9bff20000 - 0x00007ff9c001a000 	C:\Windows\SYSTEM32\textinputframework.dll
0x00007ff9c60c0000 - 0x00007ff9c641b000 	C:\Windows\System32\CoreUIComponents.dll
0x00007ff9c6490000 - 0x00007ff9c6582000 	C:\Windows\System32\CoreMessaging.dll
0x00007ff9c8290000 - 0x00007ff9c82c3000 	C:\Windows\SYSTEM32\ntmarta.dll
0x00007ff9c59c0000 - 0x00007ff9c5b15000 	C:\Windows\SYSTEM32\wintypes.dll
0x00007ff9c8aa0000 - 0x00007ff9c8ab8000 	C:\Windows\SYSTEM32\CRYPTSP.dll
0x00007ff9c8170000 - 0x00007ff9c81a4000 	C:\Windows\system32\rsaenh.dll
0x00007ff9c9000000 - 0x00007ff9c902e000 	C:\Windows\SYSTEM32\USERENV.dll
0x00007ff9c8ac0000 - 0x00007ff9c8acc000 	C:\Windows\SYSTEM32\CRYPTBASE.dll
0x00007ff9b92b0000 - 0x00007ff9b92ca000 	C:\Program Files\Java\jdk1.8.0_202\jre\bin\net.dll
0x00007ff9bf940000 - 0x00007ff9bfb2d000 	C:\Windows\SYSTEM32\urlmon.dll
0x00007ff9bf8d0000 - 0x00007ff9bf8f8000 	C:\Windows\SYSTEM32\srvcli.dll
0x00007ff9bc730000 - 0x00007ff9bc9ec000 	C:\Windows\SYSTEM32\iertutil.dll
0x00007ff9c8660000 - 0x00007ff9c866c000 	C:\Windows\SYSTEM32\netutils.dll
0x00007ff9c88b0000 - 0x00007ff9c891a000 	C:\Windows\system32\mswsock.dll
0x00007ff9c8550000 - 0x00007ff9c858b000 	C:\Windows\SYSTEM32\IPHLPAPI.DLL
0x00007ff9caff0000 - 0x00007ff9caff8000 	C:\Windows\System32\NSI.dll
0x00007ff9c3380000 - 0x00007ff9c3397000 	C:\Windows\SYSTEM32\dhcpcsvc6.DLL
0x00007ff9c3300000 - 0x00007ff9c331d000 	C:\Windows\SYSTEM32\dhcpcsvc.DLL
0x00007ff9c8590000 - 0x00007ff9c865a000 	C:\Windows\SYSTEM32\DNSAPI.dll
0x00007ff9b9290000 - 0x00007ff9b92a2000 	C:\Program Files\Java\jdk1.8.0_202\jre\bin\nio.dll
0x00007ff9a45f0000 - 0x00007ff9a4632000 	C:\Program Files\Java\jdk1.8.0_202\jre\bin\t2k.dll
0x00007ff9c3050000 - 0x00007ff9c3234000 	C:\Windows\SYSTEM32\dbghelp.dll

VM Arguments:
jvm_args: -Dfile.encoding=UTF-8 
java_command: navesita.Windous
java_class_path (initial): C:\Users\daani\Documents\NetBeansProjects\NAVESITA\res;C:\Users\daani\Documents\NetBeansProjects\NAVESITA\build\classes
Launcher Type: SUN_STANDARD

Environment Variables:
PATH=C:\Program Files\Microsoft MPI\Bin\;C:\Program Files (x86)\Common Files\Oracle\Java\javapath;C:\Windows\system32;C:\Windows;C:\Windows\System32\Wbem;C:\Windows\System32\WindowsPowerShell\v1.0\;C:\Windows\System32\OpenSSH\;C:\Program Files (x86)\Microsoft SQL Server\160\Tools\Binn\;C:\Program Files\Microsoft SQL Server\160\Tools\Binn\;C:\Program Files\Microsoft SQL Server\Client SDK\ODBC\170\Tools\Binn\;C:\Program Files\Microsoft SQL Server\160\DTS\Binn\;C:\Program Files (x86)\Microsoft SQL Server\160\DTS\Binn\;C:\Program Files\Azure Data Studio\bin;C:\Users\daani\AppData\Local\Microsoft\WindowsApps;;C:\Program Files\Azure Data Studio\bin
USERNAME=daani
OS=Windows_NT
PROCESSOR_IDENTIFIER=Intel64 Family 6 Model 165 Stepping 3, GenuineIntel



---------------  S Y S T E M  ---------------

OS: Windows 10.0 , 64 bit Build 19041 (10.0.19041.3636)

CPU:total 8 (initial active 8) (4 cores per cpu, 2 threads per core) family 6 model 165 stepping 3, cmov, cx8, fxsr, mmx, sse, sse2, sse3, ssse3, sse4.1, sse4.2, popcnt, avx, avx2, aes, clmul, erms, 3dnowpref, lzcnt, ht, tsc, tscinvbit, bmi1, bmi2, adx

Memory: 4k page, physical 16706328k(8448876k free), swap 22473496k(4966404k free)

vm_info: Java HotSpot(TM) 64-Bit Server VM (25.202-b08) for windows-amd64 JRE (1.8.0_202-b08), built on Dec 15 2018 19:54:30 by "java_re" with MS VC++ 10.0 (VS2010)

time: Sat Nov 18 02:02:01 2023
timezone: Hora estándar Montañas, EE.UU.
elapsed time: 2 seconds (0d 0h 0m 2s)

